[2025년 12월 18일 16:57]
> 사용자: # 프로젝트 시스템 지침
... (중략) ...
> 작업: Project Color-Loop 개발 시작 및 초기 환경 설정

[2025년 12월 18일 16:58]
> 사용자: ㄱㄱ
> 작업: 코어 엔진 구현 시작 (HTML/CSS 및 기본 JS 구조 설계)

[2025년 12월 18일 17:00]
> 사용자: 지나간자리에 색상이 칠해져야대고, 한번지나간지라는 다시는 못지나가. 그리고 맨위에 색상이 어떻게 변하는지 순서가 보여야해
> 작업: 타일 재진입 방지 로직 적용 및 HUD 순서 표시 강화

[2025년 12월 18일 17:02]
> 사용자: 요청하신 사항들을 신속하게 반영한다면서 안햇습니다
> 작업: 페인팅 버그(변수명 오류) 수정 및 상단 HUD 시퀀스 가이드 UI 전면 구현

[2025년 12월 18일 17:05]
> 사용자: 목적지없이 모든타일에 색상을 칠하면 종료되는걸로 해줘
> 작업: 승리 조건 변경 (Goal 타일 제거 후 전체 페인팅 시 즉시 종료)

[2025년 12월 18일 17:06]
> 사용자: 수정안댓다
> 작업: 모든 특수 타일 페인팅 처리 로직 누락 수정 및 승리 조건 최종 검증

[2025년 12월 18일 17:07]
> 사용자: gold 표시 없애 필요도없잖아 이제 
> 작업: Goal 타일 관련 데이터 및 렌더링 로직 완전 제거

[2025년 12월 18일 17:08]
> 사용자: 왜 빨강다음에 또 빨강이나오는경우가 있는거야?
> 작업: 컬러 고정석 기믹 표시 누락 확인 및 기믹 전용 렌더링 코드 추가

[2025년 12월 18일 17:09]
> 사용자: 튜토리얼은 왼쪽으로 쭉가는걸로 해
> 작업: 튜토리얼 맵 레이아웃 변경 (가로 직선형, 왼쪽 진행)

[2025년 12월 18일 17:11]
> 사용자: 일단 맵 에디터부터 만들어야겠다. 그뒤에 게임을 개발해야겠어.
> 작업: 맵 에디터 구현 계획 수립 및 시스템 설계 변경

[2025년 12월 18일 17:12]
> 사용자: ㄱㄱ
> 작업: 맵 에디터 UI 및 타일 배치 로직 구현 시작

[2025년 12월 18일 17:13]
> 사용자: 맵에디터를 누르니까 화면은 변환대는데 아무것도 클릭이안대
> 작업: UI 오버레이 레이어 차단 현상 수정 (pointer-events 처리)

[2025년 12월 18일 17:15]
> 사용자: 테스트플레이누르니까 화면이 사라져버리는 버그가있어
> 작업: 테스트 플레이 시 캔버스 렌더링 누락 수정 및 상태 복구 로직 강화

[2025년 12월 18일 17:18]
> 사용자: 테스트플레이를 누르면 테스트 종료 버튼이 나와야하고 그걸 누르면 테스트플레이를 누르기 전으로 돌아가야해. 그리고 export code 누르면 만든 맵의 데이터가 txt 형태로 클립보드에 들어가야해
> 작업: 테스트 플레이 조절 기능(STOP/RESTORE) 및 클립보드 복사 기능 구현

[2025년 12월 18일 17:20]
> 사용자: import code 도 넣어줘바 여페
> 작업: 맵 코드 불러오기(IMPORT CODE) 기능 및 UI 추가

[2025년 12월 18일 17:22]
> 사용자: 코드에 정보가 안담겨있어? 내가 임의로 맵코드를 하나 만들엇는데 그걸 불러오질 못하네
> 작업: 맵 코드 직렬화(JSON+Base64) 방식 점검 및 무결성 보강

[2025년 12월 18일 17:25]
> 사용자: [Lv1 맵 코드 제공] play game 했을떄 1번 맵으로 해줘
> 작업: Stage 1 기본 맵 설정 및 맵 코드 시스템 연동 완료

[2025년 12월 18일 17:27]
> 사용자: [Lv2 맵 코드 제공] 이걸 2번맵으로 해줘. 1번맵을 깨면 이맵으로 넘어가는거야
> 작업: 다중 스테이지 시스템 구현 및 Stage 1 -> 2 자동 전환 로직 적용

[2025년 12월 18일 17:29]
> 사용자: [Stage 3 맵 코드 제공] 이걸 3번맵으로 해줘.
> 작업: Stage 3 등록 및 스테이지 리스트 업데이트 완료

[2025년 12월 18일 17:30]
> 사용자: 뭔가 오류낫네 1번맵꺳는데 맵데이터 오류라면서 2번맵안나와
> 작업: Stage 2 코드 전송 중 발생한 데이터 손상 복구 및 검증 로직 디버깅

[2025년 12월 18일 17:32]
> 사용자: 다시시작 버튼을 만들어주고. 깨면 트라이횟수 몇인지 나오게해줘. 팝업창 게임내에서 나오게 바꿔줘.
> 작업: RESTART 기능, 트라이 카운터, 인게임 모달 시스템 전면 구현

[2025년 12월 18일 17:37]
> 사용자: 상단에 time 이 안흘러. 초만 세게해줘. current/next 없애고 sequence만 남겨줘.
> 작업: 타이머 활성화(Game Loop) 및 HUD 레이아웃 간소화

[2025년 12월 18일 17:39]
> 사용자: 게임작동을 안하네
> 작업: 구문 오류 수정 및 Game 클래스 구조 정상화

[2025년 12월 18일 17:41]
> 사용자: 깨면 시도횟수/시간 표시. Next Level/Play Again 버튼 추가. 귀여운 글씨체 적용(초딩용).
> 작업: 'Jua' 폰트 적용, 결과 화면 고도화 및 버튼 시스템 전면 개편

[2025년 12월 18일 17:44]
> 사용자: REV 기믹 밟으면 sequence 화살표 방향 바뀌게 해줘.
> 작업: HUD SEQUENCE의 시각적 진행 방향 표시(화살표) 전환 기능 구현 완료

[2025년 12월 18일 17:45]
> 사용자: rev 밟으면 밟기전 색상의 다음 색상으로 밟아야지
> 작업: 리버스 로직 고도화 - 고정 배열 기반 방향 플래그 방식 도입 (인덱스 꼬임 방지)

[2025년 12월 18일 17:50]
> 사용자: [Stage 4 맵 코드 제공] 이걸 4번 게임으로 넣어줘.
> 작업: Stage 4 등록 및 스테이지 리스트 확장

[2025년 12월 18일 17:53]
> 사용자: EXIT 버튼 추가, 메인메뉴 세로 배치, CUSTOM GAME 메뉴 및 코드 저장 시스템 구현.
> 작업: 커스텀 게임 관리 시스템(localStorage) 구축 및 메뉴 UI 전면 개편

[2025년 12월 18일 17:56]
> 사용자: 모바일 컨트롤 추가 (십자형 실루엣 D-pad)
> 작업: 반투명 조그다이얼 느낌의 가상 패드 구현 및 터치 이벤트 연동 완료

[2025년 12월 18일 18:02]
> 사용자: 하나도 안보여. 모바일 조작 안대. 가시성 개선해줘.
> 작업: 캔버스 타일 컬러 전면 교체(화이트/파스텔), 모바일 D-pad 디자인 고도화 및 레이어 안정화 완료
